<?xml version="1.0" encoding="UTF-8"?>
<!-- Generated by org.testng.reporters.JUnitXMLReporter -->
<testsuite ignored="5" hostname="ARISTA113-PC" failures="1" tests="1" name="Default test(failed)" time="77.059" errors="0" timestamp="2024-12-18T23:33:43 IST">
  <testcase classname="Tests.LoginPage_Test" name="verifyLoginWithValidCredential" time="62.153">
    <failure type="org.openqa.selenium.UnsupportedCommandException" message="{&amp;quot;value&amp;quot;:{&amp;quot;error&amp;quot;:&amp;quot;unknown method&amp;quot;,&amp;quot;message&amp;quot;:&amp;quot;Method has not yet been implemented&amp;quot;,&amp;quot;stacktrace&amp;quot;:&amp;quot;NotYetImplementedError: Method has not yet been implemented\n    at AndroidUiautomator2Driver.executeCommand (C:\\Users\\pawan\\AppData\\Roaming\\npm\\node_modules\\appium\\node_modules\\@appium\\base-driver\\lib\\basedriver\\driver.ts:102:13)\n    at processTicksAndRejections (node:internal/process/task_queues:95:5)\n    at defaultBehavior (C:\\Users\\pawan\\AppData\\Roaming\\npm\\node_modules\\appium\\lib\\appium.js:1136:14)\n    at AppiumDriver.executeWrappedCommand (C:\\Users\\pawan\\AppData\\Roaming\\npm\\node_modules\\appium\\lib\\appium.js:1242:16)\n    at AppiumDriver.executeCommand (C:\\Users\\pawan\\AppData\\Roaming\\npm\\node_modules\\appium\\lib\\appium.js:1148:17)\n    at asyncHandler (C:\\Users\\pawan\\AppData\\Roaming\\npm\\node_modules\\appium\\node_modules\\@appium\\base-driver\\lib\\protocol\\protocol.js:387:19)&amp;quot;}}
Command duration or timeout: 13 milliseconds
Build info: version: &amp;apos;4.25.0&amp;apos;, revision: &amp;apos;8a8aea2337&amp;apos;
System info: os.name: &amp;apos;Windows 10&amp;apos;, os.arch: &amp;apos;amd64&amp;apos;, os.version: &amp;apos;10.0&amp;apos;, java.version: &amp;apos;17.0.12&amp;apos;
Driver info: io.appium.java_client.android.AndroidDriver
Command: [1c821a2d-8ba2-474a-b5dc-80d983d6e4b6, getCurrentUrl {}]
Capabilities {appium:appActivity: com.vanilearner.MainActivity, appium:appPackage: com.vanilearner, appium:automationName: UiAutomator2, appium:databaseEnabled: false, appium:desired: {appActivity: com.vanilearner.MainActivity, appPackage: com.vanilearner, automationName: UiAutomator2, deviceName: PawanEmulator, newCommandTimeout: 60, platformName: ANDROID, platformVersion: 15}, appium:deviceApiLevel: 35, appium:deviceManufacturer: Google, appium:deviceModel: sdk_gphone64_x86_64, appium:deviceName: emulator-5554, appium:deviceScreenDensity: 420, appium:deviceScreenSize: 1080x1920, appium:deviceUDID: emulator-5554, appium:javascriptEnabled: true, appium:locationContextEnabled: false, appium:networkConnectionEnabled: true, appium:newCommandTimeout: 60, appium:pixelRatio: 2.625, appium:platformVersion: 15, appium:statBarHeight: 63, appium:takesScreenshot: true, appium:viewportRect: {height: 1857, left: 0, top: 63, width: 1080}, appium:warnings: {}, appium:webStorageEnabled: false, platformName: ANDROID}
Session ID: 1c821a2d-8ba2-474a-b5dc-80d983d6e4b6">
      <![CDATA[org.openqa.selenium.UnsupportedCommandException: {"value":{"error":"unknown method","message":"Method has not yet been implemented","stacktrace":"NotYetImplementedError: Method has not yet been implemented\n    at AndroidUiautomator2Driver.executeCommand (C:\\Users\\pawan\\AppData\\Roaming\\npm\\node_modules\\appium\\node_modules\\@appium\\base-driver\\lib\\basedriver\\driver.ts:102:13)\n    at processTicksAndRejections (node:internal/process/task_queues:95:5)\n    at defaultBehavior (C:\\Users\\pawan\\AppData\\Roaming\\npm\\node_modules\\appium\\lib\\appium.js:1136:14)\n    at AppiumDriver.executeWrappedCommand (C:\\Users\\pawan\\AppData\\Roaming\\npm\\node_modules\\appium\\lib\\appium.js:1242:16)\n    at AppiumDriver.executeCommand (C:\\Users\\pawan\\AppData\\Roaming\\npm\\node_modules\\appium\\lib\\appium.js:1148:17)\n    at asyncHandler (C:\\Users\\pawan\\AppData\\Roaming\\npm\\node_modules\\appium\\node_modules\\@appium\\base-driver\\lib\\protocol\\protocol.js:387:19)"}}
Command duration or timeout: 13 milliseconds
Build info: version: '4.25.0', revision: '8a8aea2337'
System info: os.name: 'Windows 10', os.arch: 'amd64', os.version: '10.0', java.version: '17.0.12'
Driver info: io.appium.java_client.android.AndroidDriver
Command: [1c821a2d-8ba2-474a-b5dc-80d983d6e4b6, getCurrentUrl {}]
Capabilities {appium:appActivity: com.vanilearner.MainActivity, appium:appPackage: com.vanilearner, appium:automationName: UiAutomator2, appium:databaseEnabled: false, appium:desired: {appActivity: com.vanilearner.MainActivity, appPackage: com.vanilearner, automationName: UiAutomator2, deviceName: PawanEmulator, newCommandTimeout: 60, platformName: ANDROID, platformVersion: 15}, appium:deviceApiLevel: 35, appium:deviceManufacturer: Google, appium:deviceModel: sdk_gphone64_x86_64, appium:deviceName: emulator-5554, appium:deviceScreenDensity: 420, appium:deviceScreenSize: 1080x1920, appium:deviceUDID: emulator-5554, appium:javascriptEnabled: true, appium:locationContextEnabled: false, appium:networkConnectionEnabled: true, appium:newCommandTimeout: 60, appium:pixelRatio: 2.625, appium:platformVersion: 15, appium:statBarHeight: 63, appium:takesScreenshot: true, appium:viewportRect: {height: 1857, left: 0, top: 63, width: 1080}, appium:warnings: {}, appium:webStorageEnabled: false, platformName: ANDROID}
Session ID: 1c821a2d-8ba2-474a-b5dc-80d983d6e4b6
at org.openqa.selenium.remote.ErrorHandler.createThrowable(ErrorHandler.java:221)
at org.openqa.selenium.remote.ErrorHandler.throwIfResponseFailed(ErrorHandler.java:170)
at org.openqa.selenium.remote.RemoteWebDriver.execute(RemoteWebDriver.java:598)
at org.openqa.selenium.remote.RemoteWebDriver.execute(RemoteWebDriver.java:618)
at io.appium.java_client.AppiumDriver.execute(AppiumDriver.java:310)
at org.openqa.selenium.remote.RemoteWebDriver.getCurrentUrl(RemoteWebDriver.java:325)
at Pages.LoginPage.verifyLoginWithValidCredential(LoginPage.java:74)
at Tests.LoginPage_Test.verifyLoginWithValidCredential(LoginPage_Test.java:26)
at java.base/java.util.ArrayList.forEach(ArrayList.java:1511)
... Removed 32 stack frames]]>
    </failure>
  </testcase> <!-- verifyLoginWithValidCredential -->
  <testcase classname="Tests.LoginPage_Test" name="testInvalidLogin" time="0.0">
    <ignored/>
  </testcase> <!-- testInvalidLogin -->
  <testcase classname="Tests.LoginPage_Test" name="verifyTextBoxesAndButtonsEnable" time="0.0">
    <ignored/>
  </testcase> <!-- verifyTextBoxesAndButtonsEnable -->
  <testcase classname="Tests.LoginPage_Test" name="verifyLogo" time="0.0">
    <ignored/>
  </testcase> <!-- verifyLogo -->
  <testcase classname="Tests.LoginPage_Test" name="testEmptyCredentials" time="0.0">
    <ignored/>
  </testcase> <!-- testEmptyCredentials -->
  <testcase classname="Tests.LoginPage_Test" name="testForgotPasswordNavigation" time="0.0">
    <ignored/>
  </testcase> <!-- testForgotPasswordNavigation -->
</testsuite> <!-- Default test(failed) -->
